<?xml version="1.0" encoding="UTF-8"?>
<!-- Generated by org.testng.reporters.JUnitReportReporter -->
<testsuite hostname="IMAXIT" name="tests.ContactUsTest" tests="1" failures="0" timestamp="14 Sep 2019 20:13:18 GMT" time="2.459" errors="0">
  <testcase name="testContactUs" time="2.459" classname="tests.ContactUsTest"/>
</testsuite> <!-- tests.ContactUsTest -->
