<?xml version="1.0" encoding="UTF-8"?>
<!-- Generated by org.testng.reporters.JUnitReportReporter -->
<testsuite hostname="IMAXIT" name="tests.SearchTest" tests="1" failures="0" timestamp="14 Sep 2019 20:13:18 GMT" time="1.906" errors="0">
  <testcase name="checkAllItemsIStock" time="1.906" classname="tests.SearchTest"/>
</testsuite> <!-- tests.SearchTest -->
